2018-11-01 00:22:44 startup archives unpack
2018-11-01 00:22:44 upgrade libssl1.1:amd64 1.1.0g-2ubuntu4.1 1.1.0h-2.0+ubuntu18.04.1+deb.sury.org+1
2018-11-01 00:22:44 status triggers-pending libc-bin:amd64 2.27-3ubuntu1
2018-11-01 00:22:44 status half-configured libssl1.1:amd64 1.1.0g-2ubuntu4.1
2018-11-01 00:22:44 status unpacked libssl1.1:amd64 1.1.0g-2ubuntu4.1
2018-11-01 00:22:44 status half-installed libssl1.1:amd64 1.1.0g-2ubuntu4.1
2018-11-01 00:22:44 status half-installed libssl1.1:amd64 1.1.0g-2ubuntu4.1
2018-11-01 00:22:44 status unpacked libssl1.1:amd64 1.1.0h-2.0+ubuntu18.04.1+deb.sury.org+1
2018-11-01 00:22:44 status unpacked libssl1.1:amd64 1.1.0h-2.0+ubuntu18.04.1+deb.sury.org+1
2018-11-01 00:22:44 install libssl-dev:amd64 <none> 1.1.0h-2.0+ubuntu18.04.1+deb.sury.org+1
2018-11-01 00:22:44 status half-installed libssl-dev:amd64 1.1.0h-2.0+ubuntu18.04.1+deb.sury.org+1
2018-11-01 00:22:44 status unpacked libssl-dev:amd64 1.1.0h-2.0+ubuntu18.04.1+deb.sury.org+1
2018-11-01 00:22:44 status unpacked libssl-dev:amd64 1.1.0h-2.0+ubuntu18.04.1+deb.sury.org+1
2018-11-01 00:22:44 install libssl-doc:all <none> 1.1.0h-2.0+ubuntu18.04.1+deb.sury.org+1
2018-11-01 00:22:44 status half-installed libssl-doc:all 1.1.0h-2.0+ubuntu18.04.1+deb.sury.org+1
2018-11-01 00:22:44 status triggers-pending man-db:amd64 2.8.3-2
2018-11-01 00:22:45 status unpacked libssl-doc:all 1.1.0h-2.0+ubuntu18.04.1+deb.sury.org+1
2018-11-01 00:22:45 status unpacked libssl-doc:all 1.1.0h-2.0+ubuntu18.04.1+deb.sury.org+1
2018-11-01 00:22:45 startup packages configure
2018-11-01 00:22:45 trigproc libc-bin:amd64 2.27-3ubuntu1 <none>
2018-11-01 00:22:45 status half-configured libc-bin:amd64 2.27-3ubuntu1
2018-11-01 00:22:45 status installed libc-bin:amd64 2.27-3ubuntu1
2018-11-01 00:22:45 configure libssl1.1:amd64 1.1.0h-2.0+ubuntu18.04.1+deb.sury.org+1 <none>
2018-11-01 00:22:45 status triggers-pending libc-bin:amd64 2.27-3ubuntu1
2018-11-01 00:22:45 status unpacked libssl1.1:amd64 1.1.0h-2.0+ubuntu18.04.1+deb.sury.org+1
2018-11-01 00:22:45 status half-configured libssl1.1:amd64 1.1.0h-2.0+ubuntu18.04.1+deb.sury.org+1
2018-11-01 00:22:45 status installed libssl1.1:amd64 1.1.0h-2.0+ubuntu18.04.1+deb.sury.org+1
2018-11-01 00:22:45 trigproc man-db:amd64 2.8.3-2 <none>
2018-11-01 00:22:45 status half-configured man-db:amd64 2.8.3-2
2018-11-01 00:22:51 status installed man-db:amd64 2.8.3-2
2018-11-01 00:22:51 configure libssl-doc:all 1.1.0h-2.0+ubuntu18.04.1+deb.sury.org+1 <none>
2018-11-01 00:22:51 status unpacked libssl-doc:all 1.1.0h-2.0+ubuntu18.04.1+deb.sury.org+1
2018-11-01 00:22:51 status half-configured libssl-doc:all 1.1.0h-2.0+ubuntu18.04.1+deb.sury.org+1
2018-11-01 00:22:51 status installed libssl-doc:all 1.1.0h-2.0+ubuntu18.04.1+deb.sury.org+1
2018-11-01 00:22:51 configure libssl-dev:amd64 1.1.0h-2.0+ubuntu18.04.1+deb.sury.org+1 <none>
2018-11-01 00:22:51 status unpacked libssl-dev:amd64 1.1.0h-2.0+ubuntu18.04.1+deb.sury.org+1
2018-11-01 00:22:51 status half-configured libssl-dev:amd64 1.1.0h-2.0+ubuntu18.04.1+deb.sury.org+1
2018-11-01 00:22:51 status installed libssl-dev:amd64 1.1.0h-2.0+ubuntu18.04.1+deb.sury.org+1
2018-11-01 00:22:51 trigproc libc-bin:amd64 2.27-3ubuntu1 <none>
2018-11-01 00:22:51 status half-configured libc-bin:amd64 2.27-3ubuntu1
2018-11-01 00:22:51 status installed libc-bin:amd64 2.27-3ubuntu1
2018-11-01 00:40:20 startup archives unpack
2018-11-01 00:40:21 install nagios-nrpe-plugin:amd64 <none> 3.2.1-1ubuntu1
2018-11-01 00:40:21 status half-installed nagios-nrpe-plugin:amd64 3.2.1-1ubuntu1
2018-11-01 00:40:21 status unpacked nagios-nrpe-plugin:amd64 3.2.1-1ubuntu1
2018-11-01 00:40:21 status unpacked nagios-nrpe-plugin:amd64 3.2.1-1ubuntu1
2018-11-01 00:40:21 startup packages configure
2018-11-01 00:40:21 configure nagios-nrpe-plugin:amd64 3.2.1-1ubuntu1 <none>
2018-11-01 00:40:21 status unpacked nagios-nrpe-plugin:amd64 3.2.1-1ubuntu1
2018-11-01 00:40:21 status unpacked nagios-nrpe-plugin:amd64 3.2.1-1ubuntu1
2018-11-01 00:40:21 status half-configured nagios-nrpe-plugin:amd64 3.2.1-1ubuntu1
2018-11-01 00:40:21 status installed nagios-nrpe-plugin:amd64 3.2.1-1ubuntu1
2018-11-01 11:09:38 startup archives unpack
2018-11-01 11:09:38 install xinetd:amd64 <none> 1:2.3.15.3-1
2018-11-01 11:09:38 status half-installed xinetd:amd64 1:2.3.15.3-1
2018-11-01 11:09:38 status triggers-pending ureadahead:amd64 0.100.0-20
2018-11-01 11:09:38 status triggers-pending systemd:amd64 237-3ubuntu10.3
2018-11-01 11:09:39 status triggers-pending man-db:amd64 2.8.3-2
2018-11-01 11:09:39 status unpacked xinetd:amd64 1:2.3.15.3-1
2018-11-01 11:09:39 status unpacked xinetd:amd64 1:2.3.15.3-1
2018-11-01 11:09:39 startup packages configure
2018-11-01 11:09:39 configure xinetd:amd64 1:2.3.15.3-1 <none>
2018-11-01 11:09:39 status unpacked xinetd:amd64 1:2.3.15.3-1
2018-11-01 11:09:39 status unpacked xinetd:amd64 1:2.3.15.3-1
2018-11-01 11:09:39 status unpacked xinetd:amd64 1:2.3.15.3-1
2018-11-01 11:09:39 status unpacked xinetd:amd64 1:2.3.15.3-1
2018-11-01 11:09:39 status unpacked xinetd:amd64 1:2.3.15.3-1
2018-11-01 11:09:39 status unpacked xinetd:amd64 1:2.3.15.3-1
2018-11-01 11:09:39 status unpacked xinetd:amd64 1:2.3.15.3-1
2018-11-01 11:09:39 status unpacked xinetd:amd64 1:2.3.15.3-1
2018-11-01 11:09:39 status unpacked xinetd:amd64 1:2.3.15.3-1
2018-11-01 11:09:39 status unpacked xinetd:amd64 1:2.3.15.3-1
2018-11-01 11:09:39 status unpacked xinetd:amd64 1:2.3.15.3-1
2018-11-01 11:09:39 status unpacked xinetd:amd64 1:2.3.15.3-1
2018-11-01 11:09:39 status unpacked xinetd:amd64 1:2.3.15.3-1
2018-11-01 11:09:39 status unpacked xinetd:amd64 1:2.3.15.3-1
2018-11-01 11:09:39 status unpacked xinetd:amd64 1:2.3.15.3-1
2018-11-01 11:09:39 status unpacked xinetd:amd64 1:2.3.15.3-1
2018-11-01 11:09:39 status half-configured xinetd:amd64 1:2.3.15.3-1
2018-11-01 11:09:39 status installed xinetd:amd64 1:2.3.15.3-1
2018-11-01 11:09:39 trigproc ureadahead:amd64 0.100.0-20 <none>
2018-11-01 11:09:39 status half-configured ureadahead:amd64 0.100.0-20
2018-11-01 11:09:39 status installed ureadahead:amd64 0.100.0-20
2018-11-01 11:09:39 trigproc systemd:amd64 237-3ubuntu10.3 <none>
2018-11-01 11:09:39 status half-configured systemd:amd64 237-3ubuntu10.3
2018-11-01 11:09:40 status installed systemd:amd64 237-3ubuntu10.3
2018-11-01 11:09:40 trigproc man-db:amd64 2.8.3-2 <none>
2018-11-01 11:09:40 status half-configured man-db:amd64 2.8.3-2
2018-11-01 11:09:41 status installed man-db:amd64 2.8.3-2
2018-11-01 16:28:24 startup archives unpack
2018-11-01 16:28:24 upgrade libcurl4:amd64 7.58.0-2ubuntu3.3 7.58.0-2ubuntu3.5
2018-11-01 16:28:24 status triggers-pending libc-bin:amd64 2.27-3ubuntu1
2018-11-01 16:28:24 status half-configured libcurl4:amd64 7.58.0-2ubuntu3.3
2018-11-01 16:28:24 status unpacked libcurl4:amd64 7.58.0-2ubuntu3.3
2018-11-01 16:28:24 status half-installed libcurl4:amd64 7.58.0-2ubuntu3.3
2018-11-01 16:28:24 status half-installed libcurl4:amd64 7.58.0-2ubuntu3.3
2018-11-01 16:28:24 status unpacked libcurl4:amd64 7.58.0-2ubuntu3.5
2018-11-01 16:28:24 status unpacked libcurl4:amd64 7.58.0-2ubuntu3.5
2018-11-01 16:28:24 install curl:amd64 <none> 7.58.0-2ubuntu3.5
2018-11-01 16:28:24 status half-installed curl:amd64 7.58.0-2ubuntu3.5
2018-11-01 16:28:24 status triggers-pending man-db:amd64 2.8.3-2
2018-11-01 16:28:24 status unpacked curl:amd64 7.58.0-2ubuntu3.5
2018-11-01 16:28:24 status unpacked curl:amd64 7.58.0-2ubuntu3.5
2018-11-01 16:28:25 startup packages configure
2018-11-01 16:28:25 configure libcurl4:amd64 7.58.0-2ubuntu3.5 <none>
2018-11-01 16:28:25 status unpacked libcurl4:amd64 7.58.0-2ubuntu3.5
2018-11-01 16:28:25 status half-configured libcurl4:amd64 7.58.0-2ubuntu3.5
2018-11-01 16:28:25 status installed libcurl4:amd64 7.58.0-2ubuntu3.5
2018-11-01 16:28:25 trigproc libc-bin:amd64 2.27-3ubuntu1 <none>
2018-11-01 16:28:25 status half-configured libc-bin:amd64 2.27-3ubuntu1
2018-11-01 16:28:25 status installed libc-bin:amd64 2.27-3ubuntu1
2018-11-01 16:28:25 trigproc man-db:amd64 2.8.3-2 <none>
2018-11-01 16:28:25 status half-configured man-db:amd64 2.8.3-2
2018-11-01 16:28:26 status installed man-db:amd64 2.8.3-2
2018-11-01 16:28:26 configure curl:amd64 7.58.0-2ubuntu3.5 <none>
2018-11-01 16:28:26 status unpacked curl:amd64 7.58.0-2ubuntu3.5
2018-11-01 16:28:26 status half-configured curl:amd64 7.58.0-2ubuntu3.5
2018-11-01 16:28:26 status installed curl:amd64 7.58.0-2ubuntu3.5
2018-11-01 19:03:16 startup archives unpack
2018-11-01 19:03:16 install liberror-perl:all <none> 0.17025-1
2018-11-01 19:03:16 status half-installed liberror-perl:all 0.17025-1
2018-11-01 19:03:16 status triggers-pending man-db:amd64 2.8.3-2
2018-11-01 19:03:16 status unpacked liberror-perl:all 0.17025-1
2018-11-01 19:03:16 status unpacked liberror-perl:all 0.17025-1
2018-11-01 19:03:16 install git-man:all <none> 1:2.17.1-1ubuntu0.3
2018-11-01 19:03:16 status half-installed git-man:all 1:2.17.1-1ubuntu0.3
2018-11-01 19:03:17 status unpacked git-man:all 1:2.17.1-1ubuntu0.3
2018-11-01 19:03:17 status unpacked git-man:all 1:2.17.1-1ubuntu0.3
2018-11-01 19:03:17 install git:amd64 <none> 1:2.17.1-1ubuntu0.3
2018-11-01 19:03:17 status half-installed git:amd64 1:2.17.1-1ubuntu0.3
2018-11-01 19:03:18 status unpacked git:amd64 1:2.17.1-1ubuntu0.3
2018-11-01 19:03:18 status unpacked git:amd64 1:2.17.1-1ubuntu0.3
2018-11-01 19:03:18 startup packages configure
2018-11-01 19:03:18 configure git-man:all 1:2.17.1-1ubuntu0.3 <none>
2018-11-01 19:03:18 status unpacked git-man:all 1:2.17.1-1ubuntu0.3
2018-11-01 19:03:18 status half-configured git-man:all 1:2.17.1-1ubuntu0.3
2018-11-01 19:03:18 status installed git-man:all 1:2.17.1-1ubuntu0.3
2018-11-01 19:03:18 configure liberror-perl:all 0.17025-1 <none>
2018-11-01 19:03:18 status unpacked liberror-perl:all 0.17025-1
2018-11-01 19:03:18 status half-configured liberror-perl:all 0.17025-1
2018-11-01 19:03:18 status installed liberror-perl:all 0.17025-1
2018-11-01 19:03:18 trigproc man-db:amd64 2.8.3-2 <none>
2018-11-01 19:03:18 status half-configured man-db:amd64 2.8.3-2
2018-11-01 19:03:24 status installed man-db:amd64 2.8.3-2
2018-11-01 19:03:24 configure git:amd64 1:2.17.1-1ubuntu0.3 <none>
2018-11-01 19:03:24 status unpacked git:amd64 1:2.17.1-1ubuntu0.3
2018-11-01 19:03:24 status unpacked git:amd64 1:2.17.1-1ubuntu0.3
2018-11-01 19:03:24 status half-configured git:amd64 1:2.17.1-1ubuntu0.3
2018-11-01 19:03:24 status installed git:amd64 1:2.17.1-1ubuntu0.3
2018-11-01 19:04:45 startup archives unpack
2018-11-01 19:04:45 install libtcl8.6:amd64 <none> 8.6.8+dfsg-3
2018-11-01 19:04:45 status triggers-pending libc-bin:amd64 2.27-3ubuntu1
2018-11-01 19:04:45 status half-installed libtcl8.6:amd64 8.6.8+dfsg-3
2018-11-01 19:04:45 status unpacked libtcl8.6:amd64 8.6.8+dfsg-3
2018-11-01 19:04:45 status unpacked libtcl8.6:amd64 8.6.8+dfsg-3
2018-11-01 19:04:45 install libtk8.6:amd64 <none> 8.6.8-4
2018-11-01 19:04:45 status half-installed libtk8.6:amd64 8.6.8-4
2018-11-01 19:04:46 status unpacked libtk8.6:amd64 8.6.8-4
2018-11-01 19:04:46 status unpacked libtk8.6:amd64 8.6.8-4
2018-11-01 19:04:46 install tk8.6:amd64 <none> 8.6.8-4
2018-11-01 19:04:46 status half-installed tk8.6:amd64 8.6.8-4
2018-11-01 19:04:46 status triggers-pending man-db:amd64 2.8.3-2
2018-11-01 19:04:46 status unpacked tk8.6:amd64 8.6.8-4
2018-11-01 19:04:46 status unpacked tk8.6:amd64 8.6.8-4
2018-11-01 19:04:46 install tcl8.6:amd64 <none> 8.6.8+dfsg-3
2018-11-01 19:04:46 status half-installed tcl8.6:amd64 8.6.8+dfsg-3
2018-11-01 19:04:46 status unpacked tcl8.6:amd64 8.6.8+dfsg-3
2018-11-01 19:04:46 status unpacked tcl8.6:amd64 8.6.8+dfsg-3
2018-11-01 19:04:46 install tcl:amd64 <none> 8.6.0+9
2018-11-01 19:04:46 status half-installed tcl:amd64 8.6.0+9
2018-11-01 19:04:46 status unpacked tcl:amd64 8.6.0+9
2018-11-01 19:04:46 status unpacked tcl:amd64 8.6.0+9
2018-11-01 19:04:46 install tk:amd64 <none> 8.6.0+9
2018-11-01 19:04:46 status half-installed tk:amd64 8.6.0+9
2018-11-01 19:04:46 status unpacked tk:amd64 8.6.0+9
2018-11-01 19:04:46 status unpacked tk:amd64 8.6.0+9
2018-11-01 19:04:46 install gitk:all <none> 1:2.17.1-1ubuntu0.3
2018-11-01 19:04:46 status half-installed gitk:all 1:2.17.1-1ubuntu0.3
2018-11-01 19:04:46 status unpacked gitk:all 1:2.17.1-1ubuntu0.3
2018-11-01 19:04:46 status unpacked gitk:all 1:2.17.1-1ubuntu0.3
2018-11-01 19:04:46 startup packages configure
2018-11-01 19:04:46 trigproc libc-bin:amd64 2.27-3ubuntu1 <none>
2018-11-01 19:04:46 status half-configured libc-bin:amd64 2.27-3ubuntu1
2018-11-01 19:04:46 status installed libc-bin:amd64 2.27-3ubuntu1
2018-11-01 19:04:46 trigproc man-db:amd64 2.8.3-2 <none>
2018-11-01 19:04:46 status half-configured man-db:amd64 2.8.3-2
2018-11-01 19:04:48 status installed man-db:amd64 2.8.3-2
2018-11-01 19:04:48 configure libtcl8.6:amd64 8.6.8+dfsg-3 <none>
2018-11-01 19:04:48 status triggers-pending libc-bin:amd64 2.27-3ubuntu1
2018-11-01 19:04:48 status unpacked libtcl8.6:amd64 8.6.8+dfsg-3
2018-11-01 19:04:48 status half-configured libtcl8.6:amd64 8.6.8+dfsg-3
2018-11-01 19:04:48 status installed libtcl8.6:amd64 8.6.8+dfsg-3
2018-11-01 19:04:48 configure libtk8.6:amd64 8.6.8-4 <none>
2018-11-01 19:04:48 status unpacked libtk8.6:amd64 8.6.8-4
2018-11-01 19:04:48 status half-configured libtk8.6:amd64 8.6.8-4
2018-11-01 19:04:48 status installed libtk8.6:amd64 8.6.8-4
2018-11-01 19:04:48 configure tcl8.6:amd64 8.6.8+dfsg-3 <none>
2018-11-01 19:04:48 status unpacked tcl8.6:amd64 8.6.8+dfsg-3
2018-11-01 19:04:48 status half-configured tcl8.6:amd64 8.6.8+dfsg-3
2018-11-01 19:04:48 status installed tcl8.6:amd64 8.6.8+dfsg-3
2018-11-01 19:04:48 configure tk8.6:amd64 8.6.8-4 <none>
2018-11-01 19:04:48 status unpacked tk8.6:amd64 8.6.8-4
2018-11-01 19:04:48 status half-configured tk8.6:amd64 8.6.8-4
2018-11-01 19:04:48 status installed tk8.6:amd64 8.6.8-4
2018-11-01 19:04:48 configure tcl:amd64 8.6.0+9 <none>
2018-11-01 19:04:48 status unpacked tcl:amd64 8.6.0+9
2018-11-01 19:04:48 status half-configured tcl:amd64 8.6.0+9
2018-11-01 19:04:48 status installed tcl:amd64 8.6.0+9
2018-11-01 19:04:48 configure tk:amd64 8.6.0+9 <none>
2018-11-01 19:04:48 status unpacked tk:amd64 8.6.0+9
2018-11-01 19:04:48 status half-configured tk:amd64 8.6.0+9
2018-11-01 19:04:48 status installed tk:amd64 8.6.0+9
2018-11-01 19:04:48 configure gitk:all 1:2.17.1-1ubuntu0.3 <none>
2018-11-01 19:04:48 status unpacked gitk:all 1:2.17.1-1ubuntu0.3
2018-11-01 19:04:48 status half-configured gitk:all 1:2.17.1-1ubuntu0.3
2018-11-01 19:04:48 status installed gitk:all 1:2.17.1-1ubuntu0.3
2018-11-01 19:04:48 trigproc libc-bin:amd64 2.27-3ubuntu1 <none>
2018-11-01 19:04:48 status half-configured libc-bin:amd64 2.27-3ubuntu1
2018-11-01 19:04:48 status installed libc-bin:amd64 2.27-3ubuntu1
