dbus-daemon[654]: [session uid=999 pid=654] Activating service name='org.gtk.vfs.Daemon' requested by ':1.0' (uid=999 pid=655 comm="" label="unconfined")
dbus-daemon[654]: [session uid=999 pid=654] Successfully activated service 'org.gtk.vfs.Daemon'
dbus-daemon[654]: [session uid=999 pid=654] Activating service name='org.gtk.vfs.Metadata' requested by ':1.0' (uid=999 pid=655 comm="" label="unconfined")
fuse: device not found, try 'modprobe fuse' first
dbus-daemon[654]: [session uid=999 pid=654] Successfully activated service 'org.gtk.vfs.Metadata'

(gvfsd-metadata:666): GUdev-CRITICAL **: 21:50:54.928: g_udev_device_has_property: assertion 'G_UDEV_IS_DEVICE (device)' failed

(gvfsd-metadata:666): GUdev-CRITICAL **: 21:50:54.928: g_udev_device_has_property: assertion 'G_UDEV_IS_DEVICE (device)' failed
A connection to the bus can't be made
Using CD-ROM mount point /cdrom/
Identifying... [a68565e5ddd372c764f556f33ff1cb86-2]
Scanning disc for index files...
Found 2 package indexes, 0 source indexes, 0 translation indexes and 1 signatures
Found label 'Ubuntu 18.04.1 LTS _Bionic Beaver_ - Release amd64 (20180725)'
This disc is called: 
'Ubuntu 18.04.1 LTS _Bionic Beaver_ - Release amd64 (20180725)'
Copying package lists...gpgv: Signature made Wed Jul 25 03:21:41 2018 UTC
gpgv:                using RSA key D94AA3F0EFE21092
gpgv: Good signature from "Ubuntu CD Image Automatic Signing Key (2012) <cdimage@ubuntu.com>"
Reading Package Indexes... 0%Reading Package Indexes... Done
Writing new source list
Source list entries for this disc are:
deb cdrom:[Ubuntu 18.04.1 LTS _Bionic Beaver_ - Release amd64 (20180725)]/ bionic main restricted
Repeat this process for the rest of the CDs in your set.
