2018-11-01T05:14:16.477661Z 0 [Note] Giving 0 client threads a chance to die gracefully
2018-11-01T05:14:16.477685Z 0 [Note] Shutting down slave threads
2018-11-01T05:14:16.477690Z 0 [Note] Forcefully disconnecting 0 remaining clients
2018-11-01T05:14:16.477695Z 0 [Note] Event Scheduler: Purging the queue. 0 events
2018-11-01T05:14:16.478210Z 0 [Note] Binlog end
2018-11-01T05:14:16.479056Z 0 [Note] Shutting down plugin 'auth_socket'
2018-11-01T05:14:16.479064Z 0 [Note] Shutting down plugin 'ngram'
2018-11-01T05:14:16.479067Z 0 [Note] Shutting down plugin 'partition'
2018-11-01T05:14:16.479070Z 0 [Note] Shutting down plugin 'BLACKHOLE'
2018-11-01T05:14:16.479074Z 0 [Note] Shutting down plugin 'ARCHIVE'
2018-11-01T05:14:16.479077Z 0 [Note] Shutting down plugin 'PERFORMANCE_SCHEMA'
2018-11-01T05:14:16.479098Z 0 [Note] Shutting down plugin 'MRG_MYISAM'
2018-11-01T05:14:16.479102Z 0 [Note] Shutting down plugin 'MyISAM'
2018-11-01T05:14:16.479107Z 0 [Note] Shutting down plugin 'INNODB_SYS_VIRTUAL'
2018-11-01T05:14:16.479110Z 0 [Note] Shutting down plugin 'INNODB_SYS_DATAFILES'
2018-11-01T05:14:16.479113Z 0 [Note] Shutting down plugin 'INNODB_SYS_TABLESPACES'
2018-11-01T05:14:16.479116Z 0 [Note] Shutting down plugin 'INNODB_SYS_FOREIGN_COLS'
2018-11-01T05:14:16.479119Z 0 [Note] Shutting down plugin 'INNODB_SYS_FOREIGN'
2018-11-01T05:14:16.479122Z 0 [Note] Shutting down plugin 'INNODB_SYS_FIELDS'
2018-11-01T05:14:16.479124Z 0 [Note] Shutting down plugin 'INNODB_SYS_COLUMNS'
2018-11-01T05:14:16.479127Z 0 [Note] Shutting down plugin 'INNODB_SYS_INDEXES'
2018-11-01T05:14:16.479130Z 0 [Note] Shutting down plugin 'INNODB_SYS_TABLESTATS'
2018-11-01T05:14:16.479133Z 0 [Note] Shutting down plugin 'INNODB_SYS_TABLES'
2018-11-01T05:14:16.479136Z 0 [Note] Shutting down plugin 'INNODB_FT_INDEX_TABLE'
2018-11-01T05:14:16.479139Z 0 [Note] Shutting down plugin 'INNODB_FT_INDEX_CACHE'
2018-11-01T05:14:16.479141Z 0 [Note] Shutting down plugin 'INNODB_FT_CONFIG'
2018-11-01T05:14:16.479144Z 0 [Note] Shutting down plugin 'INNODB_FT_BEING_DELETED'
2018-11-01T05:14:16.479147Z 0 [Note] Shutting down plugin 'INNODB_FT_DELETED'
2018-11-01T05:14:16.479150Z 0 [Note] Shutting down plugin 'INNODB_FT_DEFAULT_STOPWORD'
2018-11-01T05:14:16.479153Z 0 [Note] Shutting down plugin 'INNODB_METRICS'
2018-11-01T05:14:16.479156Z 0 [Note] Shutting down plugin 'INNODB_TEMP_TABLE_INFO'
2018-11-01T05:14:16.479158Z 0 [Note] Shutting down plugin 'INNODB_BUFFER_POOL_STATS'
2018-11-01T05:14:16.479161Z 0 [Note] Shutting down plugin 'INNODB_BUFFER_PAGE_LRU'
2018-11-01T05:14:16.479164Z 0 [Note] Shutting down plugin 'INNODB_BUFFER_PAGE'
2018-11-01T05:14:16.479167Z 0 [Note] Shutting down plugin 'INNODB_CMP_PER_INDEX_RESET'
2018-11-01T05:14:16.479170Z 0 [Note] Shutting down plugin 'INNODB_CMP_PER_INDEX'
2018-11-01T05:14:16.479173Z 0 [Note] Shutting down plugin 'INNODB_CMPMEM_RESET'
2018-11-01T05:14:16.479176Z 0 [Note] Shutting down plugin 'INNODB_CMPMEM'
2018-11-01T05:14:16.479178Z 0 [Note] Shutting down plugin 'INNODB_CMP_RESET'
2018-11-01T05:14:16.479181Z 0 [Note] Shutting down plugin 'INNODB_CMP'
2018-11-01T05:14:16.479184Z 0 [Note] Shutting down plugin 'INNODB_LOCK_WAITS'
2018-11-01T05:14:16.479187Z 0 [Note] Shutting down plugin 'INNODB_LOCKS'
2018-11-01T05:14:16.479190Z 0 [Note] Shutting down plugin 'INNODB_TRX'
2018-11-01T05:14:16.479192Z 0 [Note] Shutting down plugin 'InnoDB'
2018-11-01T05:14:16.479860Z 0 [Note] InnoDB: FTS optimize thread exiting.
2018-11-01T05:14:16.480072Z 0 [Note] InnoDB: Starting shutdown...
2018-11-01T05:14:16.604360Z 0 [Note] InnoDB: Dumping buffer pool(s) to /var/lib/mysql/ib_buffer_pool
2018-11-01T05:14:16.808523Z 0 [Note] InnoDB: Buffer pool(s) dump completed at 181101  1:14:16
2018-11-01T05:14:18.321146Z 0 [Note] InnoDB: Shutdown completed; log sequence number 2700428
2018-11-01T05:14:18.322415Z 0 [Note] InnoDB: Removed temporary tablespace data file: "ibtmp1"
2018-11-01T05:14:18.322425Z 0 [Note] Shutting down plugin 'MEMORY'
2018-11-01T05:14:18.322429Z 0 [Note] Shutting down plugin 'CSV'
2018-11-01T05:14:18.322433Z 0 [Note] Shutting down plugin 'sha256_password'
2018-11-01T05:14:18.322442Z 0 [Note] Shutting down plugin 'mysql_native_password'
2018-11-01T05:14:18.322676Z 0 [Note] Shutting down plugin 'binlog'
2018-11-01T05:14:18.322866Z 0 [Note] /usr/sbin/mysqld: Shutdown complete

2018-11-01T14:59:32.822414Z 0 [Warning] TIMESTAMP with implicit DEFAULT value is deprecated. Please use --explicit_defaults_for_timestamp server option (see documentation for more details).
2018-11-01T14:59:32.825593Z 0 [Note] /usr/sbin/mysqld (mysqld 5.7.24-0ubuntu0.18.04.1) starting as process 839 ...
2018-11-01T14:59:32.853622Z 0 [Note] InnoDB: PUNCH HOLE support available
2018-11-01T14:59:32.853659Z 0 [Note] InnoDB: Mutexes and rw_locks use GCC atomic builtins
2018-11-01T14:59:32.853667Z 0 [Note] InnoDB: Uses event mutexes
2018-11-01T14:59:32.853673Z 0 [Note] InnoDB: GCC builtin __atomic_thread_fence() is used for memory barrier
2018-11-01T14:59:32.853678Z 0 [Note] InnoDB: Compressed tables use zlib 1.2.11
2018-11-01T14:59:32.853684Z 0 [Note] InnoDB: Using Linux native AIO
2018-11-01T14:59:32.856328Z 0 [Note] InnoDB: Number of pools: 1
2018-11-01T14:59:32.868825Z 0 [Note] InnoDB: Using CPU crc32 instructions
2018-11-01T14:59:32.871992Z 0 [Note] InnoDB: Initializing buffer pool, total size = 128M, instances = 1, chunk size = 128M
2018-11-01T14:59:33.065431Z 0 [Note] InnoDB: Completed initialization of buffer pool
2018-11-01T14:59:33.093929Z 0 [Note] InnoDB: If the mysqld execution user is authorized, page cleaner thread priority can be changed. See the man page of setpriority().
2018-11-01T14:59:33.119991Z 0 [Note] InnoDB: Highest supported file format is Barracuda.
2018-11-01T14:59:33.294799Z 0 [Note] InnoDB: Creating shared tablespace for temporary tables
2018-11-01T14:59:33.294849Z 0 [Note] InnoDB: Setting file './ibtmp1' size to 12 MB. Physically writing the file full; Please wait ...
2018-11-01T14:59:33.369492Z 0 [Note] InnoDB: File './ibtmp1' size is now 12 MB.
2018-11-01T14:59:33.371393Z 0 [Note] InnoDB: 96 redo rollback segment(s) found. 96 redo rollback segment(s) are active.
2018-11-01T14:59:33.371406Z 0 [Note] InnoDB: 32 non-redo rollback segment(s) are active.
2018-11-01T14:59:33.374635Z 0 [Note] InnoDB: 5.7.24 started; log sequence number 2700428
2018-11-01T14:59:33.375008Z 0 [Note] InnoDB: Loading buffer pool(s) from /var/lib/mysql/ib_buffer_pool
2018-11-01T14:59:33.377159Z 0 [Note] Plugin 'FEDERATED' is disabled.
2018-11-01T14:59:33.560477Z 0 [Warning] Failed to set up SSL because of the following SSL library error: SSL context is not usable without certificate and private key
2018-11-01T14:59:33.560497Z 0 [Note] Server hostname (bind-address): '127.0.0.1'; port: 3306
2018-11-01T14:59:33.560505Z 0 [Note]   - '127.0.0.1' resolves to '127.0.0.1';
2018-11-01T14:59:33.560523Z 0 [Note] Server socket created on IP: '127.0.0.1'.
2018-11-01T14:59:33.623832Z 0 [Note] InnoDB: Buffer pool(s) load completed at 181101 10:59:33
2018-11-01T14:59:33.801066Z 0 [Note] Event Scheduler: Loaded 0 events
2018-11-01T14:59:33.801179Z 0 [Note] /usr/sbin/mysqld: ready for connections.
Version: '5.7.24-0ubuntu0.18.04.1'  socket: '/var/run/mysqld/mysqld.sock'  port: 3306  (Ubuntu)
2018-11-01T16:10:46.240333Z 2 [Note] Access denied for user 'root'@'localhost'
2018-11-01T16:10:59.607656Z 3 [Note] Access denied for user 'root'@'localhost'
2018-11-01T16:11:04.960763Z 4 [Note] Access denied for user 'root'@'localhost'
2018-11-01T16:11:08.383280Z 5 [Note] Access denied for user 'root'@'localhost'
2018-11-01T16:11:56.415383Z 6 [Note] Access denied for user 'root'@'localhost'
2018-11-01T16:11:58.710623Z 7 [Note] Access denied for user 'root'@'localhost'
2018-11-01T16:29:57.851761Z 0 [Note] Giving 0 client threads a chance to die gracefully
2018-11-01T16:29:57.851780Z 0 [Note] Shutting down slave threads
2018-11-01T16:29:57.851788Z 0 [Note] Forcefully disconnecting 0 remaining clients
2018-11-01T16:29:57.851793Z 0 [Note] Event Scheduler: Purging the queue. 0 events
2018-11-01T16:29:57.852224Z 0 [Note] Binlog end
2018-11-01T16:29:57.852707Z 0 [Note] Shutting down plugin 'auth_socket'
2018-11-01T16:29:57.852714Z 0 [Note] Shutting down plugin 'ngram'
2018-11-01T16:29:57.852724Z 0 [Note] Shutting down plugin 'partition'
2018-11-01T16:29:57.852727Z 0 [Note] Shutting down plugin 'BLACKHOLE'
2018-11-01T16:29:57.852731Z 0 [Note] Shutting down plugin 'ARCHIVE'
2018-11-01T16:29:57.852734Z 0 [Note] Shutting down plugin 'PERFORMANCE_SCHEMA'
2018-11-01T16:29:57.852757Z 0 [Note] Shutting down plugin 'MRG_MYISAM'
2018-11-01T16:29:57.852760Z 0 [Note] Shutting down plugin 'MyISAM'
2018-11-01T16:29:57.852766Z 0 [Note] Shutting down plugin 'INNODB_SYS_VIRTUAL'
2018-11-01T16:29:57.852769Z 0 [Note] Shutting down plugin 'INNODB_SYS_DATAFILES'
2018-11-01T16:29:57.852772Z 0 [Note] Shutting down plugin 'INNODB_SYS_TABLESPACES'
2018-11-01T16:29:57.852775Z 0 [Note] Shutting down plugin 'INNODB_SYS_FOREIGN_COLS'
2018-11-01T16:29:57.852778Z 0 [Note] Shutting down plugin 'INNODB_SYS_FOREIGN'
2018-11-01T16:29:57.852781Z 0 [Note] Shutting down plugin 'INNODB_SYS_FIELDS'
2018-11-01T16:29:57.852784Z 0 [Note] Shutting down plugin 'INNODB_SYS_COLUMNS'
2018-11-01T16:29:57.852787Z 0 [Note] Shutting down plugin 'INNODB_SYS_INDEXES'
2018-11-01T16:29:57.852790Z 0 [Note] Shutting down plugin 'INNODB_SYS_TABLESTATS'
2018-11-01T16:29:57.852793Z 0 [Note] Shutting down plugin 'INNODB_SYS_TABLES'
2018-11-01T16:29:57.852796Z 0 [Note] Shutting down plugin 'INNODB_FT_INDEX_TABLE'
2018-11-01T16:29:57.852799Z 0 [Note] Shutting down plugin 'INNODB_FT_INDEX_CACHE'
2018-11-01T16:29:57.852802Z 0 [Note] Shutting down plugin 'INNODB_FT_CONFIG'
2018-11-01T16:29:57.852805Z 0 [Note] Shutting down plugin 'INNODB_FT_BEING_DELETED'
2018-11-01T16:29:57.852808Z 0 [Note] Shutting down plugin 'INNODB_FT_DELETED'
2018-11-01T16:29:57.852812Z 0 [Note] Shutting down plugin 'INNODB_FT_DEFAULT_STOPWORD'
2018-11-01T16:29:57.852815Z 0 [Note] Shutting down plugin 'INNODB_METRICS'
2018-11-01T16:29:57.852818Z 0 [Note] Shutting down plugin 'INNODB_TEMP_TABLE_INFO'
2018-11-01T16:29:57.852821Z 0 [Note] Shutting down plugin 'INNODB_BUFFER_POOL_STATS'
2018-11-01T16:29:57.852824Z 0 [Note] Shutting down plugin 'INNODB_BUFFER_PAGE_LRU'
2018-11-01T16:29:57.852827Z 0 [Note] Shutting down plugin 'INNODB_BUFFER_PAGE'
2018-11-01T16:29:57.852830Z 0 [Note] Shutting down plugin 'INNODB_CMP_PER_INDEX_RESET'
2018-11-01T16:29:57.852832Z 0 [Note] Shutting down plugin 'INNODB_CMP_PER_INDEX'
2018-11-01T16:29:57.852835Z 0 [Note] Shutting down plugin 'INNODB_CMPMEM_RESET'
2018-11-01T16:29:57.852838Z 0 [Note] Shutting down plugin 'INNODB_CMPMEM'
2018-11-01T16:29:57.852841Z 0 [Note] Shutting down plugin 'INNODB_CMP_RESET'
2018-11-01T16:29:57.852844Z 0 [Note] Shutting down plugin 'INNODB_CMP'
2018-11-01T16:29:57.852847Z 0 [Note] Shutting down plugin 'INNODB_LOCK_WAITS'
2018-11-01T16:29:57.852851Z 0 [Note] Shutting down plugin 'INNODB_LOCKS'
2018-11-01T16:29:57.852854Z 0 [Note] Shutting down plugin 'INNODB_TRX'
2018-11-01T16:29:57.852857Z 0 [Note] Shutting down plugin 'InnoDB'
2018-11-01T16:29:57.852884Z 0 [Note] InnoDB: FTS optimize thread exiting.
2018-11-01T16:29:57.852967Z 0 [Note] InnoDB: Starting shutdown...
2018-11-01T16:29:57.953514Z 0 [Note] InnoDB: Dumping buffer pool(s) to /var/lib/mysql/ib_buffer_pool
2018-11-01T16:29:57.953652Z 0 [Note] InnoDB: Buffer pool(s) dump completed at 181101 12:29:57
2018-11-01T16:29:58.862749Z 0 [Note] InnoDB: Shutdown completed; log sequence number 2700456
2018-11-01T16:29:58.863880Z 0 [Note] InnoDB: Removed temporary tablespace data file: "ibtmp1"
2018-11-01T16:29:58.863890Z 0 [Note] Shutting down plugin 'MEMORY'
2018-11-01T16:29:58.863894Z 0 [Note] Shutting down plugin 'CSV'
2018-11-01T16:29:58.863898Z 0 [Note] Shutting down plugin 'sha256_password'
2018-11-01T16:29:58.863901Z 0 [Note] Shutting down plugin 'mysql_native_password'
2018-11-01T16:29:58.864074Z 0 [Note] Shutting down plugin 'binlog'
2018-11-01T16:29:58.864278Z 0 [Note] /usr/sbin/mysqld: Shutdown complete

2018-11-01T16:30:21.297427Z 0 [Warning] TIMESTAMP with implicit DEFAULT value is deprecated. Please use --explicit_defaults_for_timestamp server option (see documentation for more details).
2018-11-01T16:30:21.305961Z 0 [Note] /usr/sbin/mysqld (mysqld 5.7.24-0ubuntu0.18.04.1) starting as process 772 ...
2018-11-01T16:30:21.339907Z 0 [Note] InnoDB: PUNCH HOLE support available
2018-11-01T16:30:21.339932Z 0 [Note] InnoDB: Mutexes and rw_locks use GCC atomic builtins
2018-11-01T16:30:21.339937Z 0 [Note] InnoDB: Uses event mutexes
2018-11-01T16:30:21.339942Z 0 [Note] InnoDB: GCC builtin __atomic_thread_fence() is used for memory barrier
2018-11-01T16:30:21.339947Z 0 [Note] InnoDB: Compressed tables use zlib 1.2.11
2018-11-01T16:30:21.339952Z 0 [Note] InnoDB: Using Linux native AIO
2018-11-01T16:30:21.340747Z 0 [Note] InnoDB: Number of pools: 1
2018-11-01T16:30:21.366895Z 0 [Note] InnoDB: Using CPU crc32 instructions
2018-11-01T16:30:21.367936Z 0 [Note] InnoDB: Initializing buffer pool, total size = 128M, instances = 1, chunk size = 128M
2018-11-01T16:30:21.427683Z 0 [Note] InnoDB: Completed initialization of buffer pool
2018-11-01T16:30:21.434450Z 0 [Note] InnoDB: If the mysqld execution user is authorized, page cleaner thread priority can be changed. See the man page of setpriority().
2018-11-01T16:30:21.451812Z 0 [Note] InnoDB: Highest supported file format is Barracuda.
2018-11-01T16:30:21.523390Z 0 [Note] InnoDB: Creating shared tablespace for temporary tables
2018-11-01T16:30:21.523440Z 0 [Note] InnoDB: Setting file './ibtmp1' size to 12 MB. Physically writing the file full; Please wait ...
2018-11-01T16:30:21.571860Z 0 [Note] InnoDB: File './ibtmp1' size is now 12 MB.
2018-11-01T16:30:21.572586Z 0 [Note] InnoDB: 96 redo rollback segment(s) found. 96 redo rollback segment(s) are active.
2018-11-01T16:30:21.572597Z 0 [Note] InnoDB: 32 non-redo rollback segment(s) are active.
2018-11-01T16:30:21.572781Z 0 [Note] InnoDB: Waiting for purge to start
2018-11-01T16:30:21.622856Z 0 [Note] InnoDB: 5.7.24 started; log sequence number 2700456
2018-11-01T16:30:21.623025Z 0 [Note] InnoDB: Loading buffer pool(s) from /var/lib/mysql/ib_buffer_pool
2018-11-01T16:30:21.697234Z 0 [Note] Plugin 'FEDERATED' is disabled.
2018-11-01T16:30:21.710080Z 0 [Warning] Failed to set up SSL because of the following SSL library error: SSL context is not usable without certificate and private key
2018-11-01T16:30:21.710096Z 0 [Note] Server hostname (bind-address): '127.0.0.1'; port: 3306
2018-11-01T16:30:21.710103Z 0 [Note]   - '127.0.0.1' resolves to '127.0.0.1';
2018-11-01T16:30:21.710123Z 0 [Note] Server socket created on IP: '127.0.0.1'.
2018-11-01T16:30:21.737551Z 0 [Note] InnoDB: Buffer pool(s) load completed at 181101 12:30:21
2018-11-01T16:30:21.776962Z 0 [Note] Event Scheduler: Loaded 0 events
2018-11-01T16:30:21.777093Z 0 [Note] /usr/sbin/mysqld: ready for connections.
Version: '5.7.24-0ubuntu0.18.04.1'  socket: '/var/run/mysqld/mysqld.sock'  port: 3306  (Ubuntu)
2018-11-01T17:34:01.683151Z 0 [Note] InnoDB: page_cleaner: 1000ms intended loop took 3703212ms. The settings might not be optimal. (flushed=0 and evicted=0, during the time.)
2018-11-01T17:52:27.670154Z 3 [Note] Access denied for user 'euser'@'localhost' (using password: YES)
2018-11-01T17:52:27.671532Z 4 [Note] Access denied for user 'euser'@'localhost' (using password: YES)
2018-11-01T17:52:27.672683Z 5 [Note] Access denied for user 'euser'@'localhost' (using password: YES)
2018-11-01T17:55:08.755049Z 6 [Note] Access denied for user 'euser'@'localhost' (using password: YES)
2018-11-01T17:55:08.756365Z 7 [Note] Access denied for user 'euser'@'localhost' (using password: YES)
2018-11-01T17:55:36.429217Z 8 [Note] Access denied for user 'euser@localhost'@'localhost' (using password: YES)
2018-11-01T17:55:36.432352Z 9 [Note] Access denied for user 'euser@localhost'@'localhost' (using password: YES)
2018-11-01T17:56:17.010010Z 10 [Note] Access denied for user 'euser@127.0.0.1'@'localhost' (using password: YES)
2018-11-01T17:56:17.010448Z 11 [Note] Access denied for user 'euser@127.0.0.1'@'localhost' (using password: YES)
2018-11-01T17:56:35.530257Z 12 [Note] Access denied for user 'euser'@'localhost' (using password: YES)
2018-11-01T17:56:35.531928Z 13 [Note] Access denied for user 'euser'@'localhost' (using password: YES)
2018-11-01T17:58:12.809306Z 14 [Note] Access denied for user 'euser@127.0.0.1'@'localhost' (using password: YES)
2018-11-01T17:58:12.809743Z 15 [Note] Access denied for user 'euser@127.0.0.1'@'localhost' (using password: YES)
2018-11-01T18:00:18.177394Z 16 [Note] Access denied for user 'pmaroy'@'localhost' (using password: YES)
2018-11-01T18:00:18.177883Z 17 [Note] Access denied for user 'pmaroy'@'localhost' (using password: YES)
2018-11-01T18:00:47.139693Z 18 [Note] Access denied for user '127.0.0.1'@'localhost' (using password: YES)
2018-11-01T18:00:47.141399Z 19 [Note] Access denied for user '127.0.0.1'@'localhost' (using password: YES)
2018-11-01T18:01:50.292647Z 20 [Note] Access denied for user 'root'@'localhost'
2018-11-01T18:01:50.293139Z 21 [Note] Access denied for user 'root'@'localhost'
2018-11-01T18:02:16.825636Z 22 [Note] Access denied for user 'root'@'localhost'
2018-11-01T18:02:16.826205Z 23 [Note] Access denied for user 'root'@'localhost'
2018-11-01T18:19:06.881690Z 24 [Note] Access denied for user 'euser'@'localhost' (using password: YES)
2018-11-01T18:19:06.882288Z 25 [Note] Access denied for user 'euser'@'localhost' (using password: YES)
2018-11-01T18:37:08.669875Z 26 [Note] Access denied for user 'euser'@'localhost' (using password: YES)
2018-11-01T18:37:08.670284Z 27 [Note] Access denied for user 'euser'@'localhost' (using password: YES)
2018-11-01T18:39:20.259816Z 28 [Note] Access denied for user '127.0.0.1'@'localhost' (using password: YES)
2018-11-01T18:39:20.260252Z 29 [Note] Access denied for user '127.0.0.1'@'localhost' (using password: YES)
2018-11-01T18:41:36.809142Z 30 [Note] Access denied for user 'euser@localhost'@'localhost' (using password: YES)
2018-11-01T18:41:36.809627Z 31 [Note] Access denied for user 'euser@localhost'@'localhost' (using password: YES)
2018-11-01T18:44:42.625935Z 0 [Note] InnoDB: page_cleaner: 1000ms intended loop took 175715ms. The settings might not be optimal. (flushed=0 and evicted=0, during the time.)
2018-11-01T18:45:24.416174Z 32 [Note] Access denied for user 'root'@'localhost'
2018-11-01T18:45:24.416597Z 33 [Note] Access denied for user 'root'@'localhost'
2018-11-01T18:47:46.073546Z 34 [Note] Access denied for user 'engine'@'localhost' (using password: YES)
2018-11-01T18:47:46.074068Z 35 [Note] Access denied for user 'engine'@'localhost' (using password: YES)
2018-11-01T18:54:17.095644Z 37 [Note] Access denied for user 'root@localhost'@'localhost' (using password: YES)
2018-11-01T18:54:17.096158Z 38 [Note] Access denied for user 'root@localhost'@'localhost' (using password: YES)
2018-11-01T18:54:31.508499Z 39 [Note] Access denied for user 'root@127.0.0.1'@'localhost' (using password: YES)
2018-11-01T18:54:31.508950Z 40 [Note] Access denied for user 'root@127.0.0.1'@'localhost' (using password: YES)
2018-11-01T18:55:44.695169Z 41 [Note] Access denied for user 'root@127.0.0.1'@'localhost' (using password: YES)
2018-11-01T18:55:44.695588Z 42 [Note] Access denied for user 'root@127.0.0.1'@'localhost' (using password: YES)
2018-11-01T19:00:07.866536Z 43 [Note] Access denied for user 'root'@'localhost'
2018-11-01T19:00:07.866998Z 44 [Note] Access denied for user 'root'@'localhost'
2018-11-01T19:09:04.835676Z 45 [Note] Access denied for user 'euser'@'localhost' (using password: YES)
2018-11-01T19:09:04.836159Z 46 [Note] Access denied for user 'euser'@'localhost' (using password: YES)
2018-11-01T19:09:04.836523Z 47 [Note] Access denied for user 'euser'@'localhost' (using password: YES)
2018-11-01T19:10:06.782187Z 48 [Note] Access denied for user 'root'@'localhost'
2018-11-01T19:10:06.782735Z 49 [Note] Access denied for user 'root'@'localhost'
2018-11-01T19:10:06.784671Z 50 [Note] Access denied for user 'root'@'localhost'
2018-11-01T19:11:37.331664Z 51 [Note] Access denied for user 'root'@'localhost'
2018-11-01T19:11:37.332491Z 52 [Note] Access denied for user 'root'@'localhost'
2018-11-01T19:11:37.334674Z 53 [Note] Access denied for user 'root'@'localhost'
2018-11-01T19:12:40.932449Z 54 [Note] Access denied for user 'root'@'localhost'
2018-11-01T19:12:40.934123Z 55 [Note] Access denied for user 'root'@'localhost'
2018-11-01T19:16:19.445461Z 56 [Note] Access denied for user 'root'@'localhost'
2018-11-01T19:16:19.445953Z 57 [Note] Access denied for user 'root'@'localhost'
2018-11-01T19:21:19.844976Z 0 [Note] InnoDB: page_cleaner: 1000ms intended loop took 180629ms. The settings might not be optimal. (flushed=0 and evicted=0, during the time.)
2018-11-01T19:26:42.505148Z 58 [Note] Access denied for user 'root'@'localhost'
2018-11-01T19:26:42.505894Z 59 [Note] Access denied for user 'root'@'localhost'
2018-11-01T20:30:22.915798Z 0 [Note] InnoDB: page_cleaner: 1000ms intended loop took 77395ms. The settings might not be optimal. (flushed=0 and evicted=0, during the time.)
2018-11-01T21:20:40.266369Z 0 [Note] Giving 0 client threads a chance to die gracefully
2018-11-01T21:20:40.266395Z 0 [Note] Shutting down slave threads
2018-11-01T21:20:40.266404Z 0 [Note] Forcefully disconnecting 0 remaining clients
2018-11-01T21:20:40.266412Z 0 [Note] Event Scheduler: Purging the queue. 0 events
2018-11-01T21:20:40.266872Z 0 [Note] Binlog end
2018-11-01T21:20:40.267829Z 0 [Note] Shutting down plugin 'auth_socket'
2018-11-01T21:20:40.267845Z 0 [Note] Shutting down plugin 'ngram'
2018-11-01T21:20:40.267850Z 0 [Note] Shutting down plugin 'partition'
2018-11-01T21:20:40.267855Z 0 [Note] Shutting down plugin 'BLACKHOLE'
2018-11-01T21:20:40.267861Z 0 [Note] Shutting down plugin 'ARCHIVE'
2018-11-01T21:20:40.267865Z 0 [Note] Shutting down plugin 'PERFORMANCE_SCHEMA'
2018-11-01T21:20:40.267894Z 0 [Note] Shutting down plugin 'MRG_MYISAM'
2018-11-01T21:20:40.267900Z 0 [Note] Shutting down plugin 'MyISAM'
2018-11-01T21:20:40.267908Z 0 [Note] Shutting down plugin 'INNODB_SYS_VIRTUAL'
2018-11-01T21:20:40.267913Z 0 [Note] Shutting down plugin 'INNODB_SYS_DATAFILES'
2018-11-01T21:20:40.267917Z 0 [Note] Shutting down plugin 'INNODB_SYS_TABLESPACES'
2018-11-01T21:20:40.267922Z 0 [Note] Shutting down plugin 'INNODB_SYS_FOREIGN_COLS'
2018-11-01T21:20:40.267927Z 0 [Note] Shutting down plugin 'INNODB_SYS_FOREIGN'
2018-11-01T21:20:40.267931Z 0 [Note] Shutting down plugin 'INNODB_SYS_FIELDS'
2018-11-01T21:20:40.267935Z 0 [Note] Shutting down plugin 'INNODB_SYS_COLUMNS'
2018-11-01T21:20:40.267940Z 0 [Note] Shutting down plugin 'INNODB_SYS_INDEXES'
2018-11-01T21:20:40.267944Z 0 [Note] Shutting down plugin 'INNODB_SYS_TABLESTATS'
2018-11-01T21:20:40.267949Z 0 [Note] Shutting down plugin 'INNODB_SYS_TABLES'
2018-11-01T21:20:40.267953Z 0 [Note] Shutting down plugin 'INNODB_FT_INDEX_TABLE'
2018-11-01T21:20:40.267958Z 0 [Note] Shutting down plugin 'INNODB_FT_INDEX_CACHE'
2018-11-01T21:20:40.267962Z 0 [Note] Shutting down plugin 'INNODB_FT_CONFIG'
2018-11-01T21:20:40.267967Z 0 [Note] Shutting down plugin 'INNODB_FT_BEING_DELETED'
2018-11-01T21:20:40.267971Z 0 [Note] Shutting down plugin 'INNODB_FT_DELETED'
2018-11-01T21:20:40.267976Z 0 [Note] Shutting down plugin 'INNODB_FT_DEFAULT_STOPWORD'
2018-11-01T21:20:40.267980Z 0 [Note] Shutting down plugin 'INNODB_METRICS'
2018-11-01T21:20:40.267985Z 0 [Note] Shutting down plugin 'INNODB_TEMP_TABLE_INFO'
2018-11-01T21:20:40.267989Z 0 [Note] Shutting down plugin 'INNODB_BUFFER_POOL_STATS'
2018-11-01T21:20:40.267994Z 0 [Note] Shutting down plugin 'INNODB_BUFFER_PAGE_LRU'
2018-11-01T21:20:40.267998Z 0 [Note] Shutting down plugin 'INNODB_BUFFER_PAGE'
2018-11-01T21:20:40.268003Z 0 [Note] Shutting down plugin 'INNODB_CMP_PER_INDEX_RESET'
2018-11-01T21:20:40.268007Z 0 [Note] Shutting down plugin 'INNODB_CMP_PER_INDEX'
2018-11-01T21:20:40.268012Z 0 [Note] Shutting down plugin 'INNODB_CMPMEM_RESET'
2018-11-01T21:20:40.268016Z 0 [Note] Shutting down plugin 'INNODB_CMPMEM'
2018-11-01T21:20:40.268021Z 0 [Note] Shutting down plugin 'INNODB_CMP_RESET'
2018-11-01T21:20:40.268025Z 0 [Note] Shutting down plugin 'INNODB_CMP'
2018-11-01T21:20:40.268029Z 0 [Note] Shutting down plugin 'INNODB_LOCK_WAITS'
2018-11-01T21:20:40.268034Z 0 [Note] Shutting down plugin 'INNODB_LOCKS'
2018-11-01T21:20:40.268038Z 0 [Note] Shutting down plugin 'INNODB_TRX'
2018-11-01T21:20:40.268043Z 0 [Note] Shutting down plugin 'InnoDB'
2018-11-01T21:20:40.268379Z 0 [Note] InnoDB: FTS optimize thread exiting.
2018-11-01T21:20:40.268510Z 0 [Note] InnoDB: Starting shutdown...
2018-11-01T21:20:40.369102Z 0 [Note] InnoDB: Dumping buffer pool(s) to /var/lib/mysql/ib_buffer_pool
2018-11-01T21:20:40.369420Z 0 [Note] InnoDB: Buffer pool(s) dump completed at 181101 17:20:40
2018-11-01T21:20:41.788447Z 0 [Note] InnoDB: Shutdown completed; log sequence number 2700484
2018-11-01T21:20:41.789878Z 0 [Note] InnoDB: Removed temporary tablespace data file: "ibtmp1"
2018-11-01T21:20:41.789891Z 0 [Note] Shutting down plugin 'MEMORY'
2018-11-01T21:20:41.789897Z 0 [Note] Shutting down plugin 'CSV'
2018-11-01T21:20:41.789902Z 0 [Note] Shutting down plugin 'sha256_password'
2018-11-01T21:20:41.789905Z 0 [Note] Shutting down plugin 'mysql_native_password'
2018-11-01T21:20:41.790134Z 0 [Note] Shutting down plugin 'binlog'
2018-11-01T21:20:41.790376Z 0 [Note] /usr/sbin/mysqld: Shutdown complete

2018-11-01T21:26:01.387264Z 0 [Warning] TIMESTAMP with implicit DEFAULT value is deprecated. Please use --explicit_defaults_for_timestamp server option (see documentation for more details).
2018-11-01T21:26:01.416322Z 0 [Note] /usr/sbin/mysqld (mysqld 5.7.24-0ubuntu0.18.04.1) starting as process 732 ...
2018-11-01T21:26:01.490875Z 0 [Note] InnoDB: PUNCH HOLE support available
2018-11-01T21:26:01.490902Z 0 [Note] InnoDB: Mutexes and rw_locks use GCC atomic builtins
2018-11-01T21:26:01.490910Z 0 [Note] InnoDB: Uses event mutexes
2018-11-01T21:26:01.490916Z 0 [Note] InnoDB: GCC builtin __atomic_thread_fence() is used for memory barrier
2018-11-01T21:26:01.490922Z 0 [Note] InnoDB: Compressed tables use zlib 1.2.11
2018-11-01T21:26:01.490928Z 0 [Note] InnoDB: Using Linux native AIO
2018-11-01T21:26:01.492142Z 0 [Note] InnoDB: Number of pools: 1
2018-11-01T21:26:01.495457Z 0 [Note] InnoDB: Using CPU crc32 instructions
2018-11-01T21:26:01.504489Z 0 [Note] InnoDB: Initializing buffer pool, total size = 128M, instances = 1, chunk size = 128M
2018-11-01T21:26:01.623717Z 0 [Note] InnoDB: Completed initialization of buffer pool
2018-11-01T21:26:01.637332Z 0 [Note] InnoDB: If the mysqld execution user is authorized, page cleaner thread priority can be changed. See the man page of setpriority().
2018-11-01T21:26:01.673644Z 0 [Note] InnoDB: Highest supported file format is Barracuda.
2018-11-01T21:26:01.886606Z 0 [Note] InnoDB: Creating shared tablespace for temporary tables
2018-11-01T21:26:01.886707Z 0 [Note] InnoDB: Setting file './ibtmp1' size to 12 MB. Physically writing the file full; Please wait ...
2018-11-01T21:26:02.139955Z 0 [Note] InnoDB: File './ibtmp1' size is now 12 MB.
2018-11-01T21:26:02.141726Z 0 [Note] InnoDB: 96 redo rollback segment(s) found. 96 redo rollback segment(s) are active.
2018-11-01T21:26:02.141744Z 0 [Note] InnoDB: 32 non-redo rollback segment(s) are active.
2018-11-01T21:26:02.150492Z 0 [Note] InnoDB: 5.7.24 started; log sequence number 2700484
2018-11-01T21:26:02.150716Z 0 [Note] InnoDB: Loading buffer pool(s) from /var/lib/mysql/ib_buffer_pool
2018-11-01T21:26:02.152028Z 0 [Note] Plugin 'FEDERATED' is disabled.
2018-11-01T21:26:02.230418Z 0 [Warning] Failed to set up SSL because of the following SSL library error: SSL context is not usable without certificate and private key
2018-11-01T21:26:02.230443Z 0 [Note] Server hostname (bind-address): '127.0.0.1'; port: 3306
2018-11-01T21:26:02.230457Z 0 [Note]   - '127.0.0.1' resolves to '127.0.0.1';
2018-11-01T21:26:02.230481Z 0 [Note] Server socket created on IP: '127.0.0.1'.
2018-11-01T21:26:02.421760Z 0 [Note] InnoDB: Buffer pool(s) load completed at 181101 17:26:02
2018-11-01T21:26:02.521054Z 0 [Note] Event Scheduler: Loaded 0 events
2018-11-01T21:26:02.521249Z 0 [Note] /usr/sbin/mysqld: ready for connections.
Version: '5.7.24-0ubuntu0.18.04.1'  socket: '/var/run/mysqld/mysqld.sock'  port: 3306  (Ubuntu)
2018-11-01T22:44:16.541016Z 0 [Warning] TIMESTAMP with implicit DEFAULT value is deprecated. Please use --explicit_defaults_for_timestamp server option (see documentation for more details).
2018-11-01T22:44:16.550201Z 0 [Note] /usr/sbin/mysqld (mysqld 5.7.24-0ubuntu0.18.04.1) starting as process 779 ...
2018-11-01T22:44:16.617933Z 0 [Note] InnoDB: PUNCH HOLE support available
2018-11-01T22:44:16.617972Z 0 [Note] InnoDB: Mutexes and rw_locks use GCC atomic builtins
2018-11-01T22:44:16.617980Z 0 [Note] InnoDB: Uses event mutexes
2018-11-01T22:44:16.617987Z 0 [Note] InnoDB: GCC builtin __atomic_thread_fence() is used for memory barrier
2018-11-01T22:44:16.617994Z 0 [Note] InnoDB: Compressed tables use zlib 1.2.11
2018-11-01T22:44:16.618001Z 0 [Note] InnoDB: Using Linux native AIO
2018-11-01T22:44:16.621990Z 0 [Note] InnoDB: Number of pools: 1
2018-11-01T22:44:16.628762Z 0 [Note] InnoDB: Using CPU crc32 instructions
2018-11-01T22:44:16.630231Z 0 [Note] InnoDB: Initializing buffer pool, total size = 128M, instances = 1, chunk size = 128M
2018-11-01T22:44:16.956795Z 0 [Note] InnoDB: Completed initialization of buffer pool
2018-11-01T22:44:17.064367Z 0 [Note] InnoDB: If the mysqld execution user is authorized, page cleaner thread priority can be changed. See the man page of setpriority().
2018-11-01T22:44:17.111594Z 0 [Note] InnoDB: Highest supported file format is Barracuda.
2018-11-01T22:44:17.135773Z 0 [Note] InnoDB: Log scan progressed past the checkpoint lsn 2700503
2018-11-01T22:44:17.135799Z 0 [Note] InnoDB: Doing recovery: scanned up to log sequence number 2700512
2018-11-01T22:44:17.135807Z 0 [Note] InnoDB: Database was not shutdown normally!
2018-11-01T22:44:17.135814Z 0 [Note] InnoDB: Starting crash recovery.
2018-11-01T22:44:17.415938Z 0 [Note] InnoDB: Removed temporary tablespace data file: "ibtmp1"
2018-11-01T22:44:17.415983Z 0 [Note] InnoDB: Creating shared tablespace for temporary tables
2018-11-01T22:44:17.416050Z 0 [Note] InnoDB: Setting file './ibtmp1' size to 12 MB. Physically writing the file full; Please wait ...
2018-11-01T22:44:17.729865Z 0 [Note] InnoDB: File './ibtmp1' size is now 12 MB.
2018-11-01T22:44:17.733164Z 0 [Note] InnoDB: 96 redo rollback segment(s) found. 96 redo rollback segment(s) are active.
2018-11-01T22:44:17.733188Z 0 [Note] InnoDB: 32 non-redo rollback segment(s) are active.
2018-11-01T22:44:17.733420Z 0 [Note] InnoDB: Waiting for purge to start
2018-11-01T22:44:17.783957Z 0 [Note] InnoDB: 5.7.24 started; log sequence number 2700512
2018-11-01T22:44:17.784194Z 0 [Note] InnoDB: Loading buffer pool(s) from /var/lib/mysql/ib_buffer_pool
2018-11-01T22:44:17.788639Z 0 [Note] Plugin 'FEDERATED' is disabled.
2018-11-01T22:44:17.894767Z 0 [Note] InnoDB: Buffer pool(s) load completed at 181101 18:44:17
2018-11-01T22:44:17.931593Z 0 [Warning] Failed to set up SSL because of the following SSL library error: SSL context is not usable without certificate and private key
2018-11-01T22:44:17.931623Z 0 [Note] Server hostname (bind-address): '127.0.0.1'; port: 3306
2018-11-01T22:44:17.931637Z 0 [Note]   - '127.0.0.1' resolves to '127.0.0.1';
2018-11-01T22:44:17.932308Z 0 [Note] Server socket created on IP: '127.0.0.1'.
2018-11-01T22:44:18.044922Z 0 [Note] Event Scheduler: Loaded 0 events
2018-11-01T22:44:18.045077Z 0 [Note] /usr/sbin/mysqld: ready for connections.
Version: '5.7.24-0ubuntu0.18.04.1'  socket: '/var/run/mysqld/mysqld.sock'  port: 3306  (Ubuntu)
2018-11-02T00:23:32.973922Z 0 [Note] InnoDB: page_cleaner: 1000ms intended loop took 3913297ms. The settings might not be optimal. (flushed=0 and evicted=0, during the time.)
